#! /usr/local/iverilog/bin/vvp
:ivl_version "11.0 (devel)" "(s20150603-642-g3bdb50da)";
:ivl_delay_selection "TYPICAL";
:vpi_time_precision + 0;
:vpi_module "system";
:vpi_module "vhdl_sys";
:vpi_module "vhdl_textio";
:vpi_module "v2005_math";
:vpi_module "va_math";
S_0000000001022b00 .scope module, "top_module" "top_module" 2 1;
 .timescale 0 0;
    .port_info 0 /INPUT 1 "clk";
    .port_info 1 /INPUT 1 "d";
    .port_info 2 /OUTPUT 1 "q";
o0000000001043cd8 .functor BUFZ 1, C4<z>; HiZ drive
v0000000001022c90_0 .net "clk", 0 0, o0000000001043cd8;  0 drivers
o0000000001043d08 .functor BUFZ 1, C4<z>; HiZ drive
v0000000001022d30_0 .net "d", 0 0, o0000000001043d08;  0 drivers
v0000000001098160_0 .var "q", 0 0;
E_00000000001b8630 .event posedge, v0000000001022c90_0;
    .scope S_0000000001022b00;
T_0 ;
    %wait E_00000000001b8630;
    %load/vec4 v0000000001022d30_0;
    %assign/vec4 v0000000001098160_0, 0;
    %jmp T_0;
    .thread T_0;
# The file index is used to find the file name in the following table.
:file_names 3;
    "N/A";
    "<interactive>";
    "081_Dff.v";
