#! /usr/local/iverilog/bin/vvp
:ivl_version "11.0 (devel)" "(s20150603-642-g3bdb50da)";
:ivl_delay_selection "TYPICAL";
:vpi_time_precision + 0;
:vpi_module "system";
:vpi_module "vhdl_sys";
:vpi_module "vhdl_textio";
:vpi_module "v2005_math";
:vpi_module "va_math";
S_0000000000fa2b00 .scope module, "D081" "D081" 2 1;
 .timescale 0 0;
    .port_info 0 /INPUT 1 "clk";
    .port_info 1 /INPUT 1 "reset";
    .port_info 2 /INPUT 8 "d";
    .port_info 3 /OUTPUT 8 "q";
o0000000000fc3cd8 .functor BUFZ 1, C4<z>; HiZ drive
v0000000000f8ef30_0 .net "clk", 0 0, o0000000000fc3cd8;  0 drivers
o0000000000fc3d08 .functor BUFZ 8, C4<zzzzzzzz>; HiZ drive
v0000000000fa2c90_0 .net "d", 7 0, o0000000000fc3d08;  0 drivers
v0000000000fa2d30_0 .var "q", 7 0;
o0000000000fc3d68 .functor BUFZ 1, C4<z>; HiZ drive
v0000000000f8db30_0 .net "reset", 0 0, o0000000000fc3d68;  0 drivers
E_0000000000f880a0 .event posedge, v0000000000f8ef30_0;
    .scope S_0000000000fa2b00;
T_0 ;
    %wait E_0000000000f880a0;
    %load/vec4 v0000000000f8db30_0;
    %pad/u 32;
    %cmpi/ne 0, 0, 32;
    %jmp/0xz  T_0.0, 4;
    %load/vec4 v0000000000fa2c90_0;
    %assign/vec4 v0000000000fa2d30_0, 0;
    %jmp T_0.1;
T_0.0 ;
    %pushi/vec4 0, 0, 8;
    %assign/vec4 v0000000000fa2d30_0, 0;
T_0.1 ;
    %jmp T_0;
    .thread T_0;
# The file index is used to find the file name in the following table.
:file_names 3;
    "N/A";
    "<interactive>";
    "D081.v";
