#! /usr/local/iverilog/bin/vvp
:ivl_version "11.0 (devel)" "(s20150603-642-g3bdb50da)";
:ivl_delay_selection "TYPICAL";
:vpi_time_precision + 0;
:vpi_module "system";
:vpi_module "vhdl_sys";
:vpi_module "vhdl_textio";
:vpi_module "v2005_math";
:vpi_module "va_math";
S_0000000001092690 .scope module, "top_module" "top_module" 2 1;
 .timescale 0 0;
    .port_info 0 /INPUT 1 "a";
    .port_info 1 /INPUT 1 "b";
    .port_info 2 /INPUT 1 "c";
    .port_info 3 /INPUT 1 "d";
    .port_info 4 /OUTPUT 1 "out";
o00000000010b5808 .functor BUFZ 1, C4<z>; HiZ drive
L_000000000110eab0 .functor NOT 1, o00000000010b5808, C4<0>, C4<0>, C4<0>;
o00000000010b5838 .functor BUFZ 1, C4<z>; HiZ drive
L_000000000110ec50 .functor NOT 1, o00000000010b5838, C4<0>, C4<0>, C4<0>;
L_000000000110ecc0 .functor AND 1, L_000000000110eab0, L_000000000110ec50, C4<1>, C4<1>;
o00000000010b57d8 .functor BUFZ 1, C4<z>; HiZ drive
L_000000000110ed30 .functor NOT 1, o00000000010b57d8, C4<0>, C4<0>, C4<0>;
o00000000010b5868 .functor BUFZ 1, C4<z>; HiZ drive
L_000000000110eda0 .functor NOT 1, o00000000010b5868, C4<0>, C4<0>, C4<0>;
L_000000000110ee10 .functor AND 1, L_000000000110ed30, L_000000000110eda0, C4<1>, C4<1>;
L_000000000110ee80 .functor OR 1, L_000000000110ecc0, L_000000000110ee10, C4<0>, C4<0>;
L_000000000110eef0 .functor AND 1, o00000000010b5838, o00000000010b5868, C4<1>, C4<1>;
L_00000000011101f0 .functor AND 1, L_000000000110eef0, o00000000010b57d8, C4<1>, C4<1>;
L_0000000001110490 .functor OR 1, L_000000000110ee80, L_00000000011101f0, C4<0>, C4<0>;
L_0000000001110500 .functor AND 1, o00000000010b5838, o00000000010b5868, C4<1>, C4<1>;
L_0000000001110420 .functor AND 1, L_0000000001110500, o00000000010b5808, C4<1>, C4<1>;
L_00000000011102d0 .functor OR 1, L_0000000001110490, L_0000000001110420, C4<0>, C4<0>;
v0000000001092820_0 .net *"_s0", 0 0, L_000000000110eab0;  1 drivers
v00000000010928c0_0 .net *"_s10", 0 0, L_000000000110ee10;  1 drivers
v000000000110e3b0_0 .net *"_s12", 0 0, L_000000000110ee80;  1 drivers
v000000000110e090_0 .net *"_s14", 0 0, L_000000000110eef0;  1 drivers
v000000000110db90_0 .net *"_s16", 0 0, L_00000000011101f0;  1 drivers
v000000000110e8b0_0 .net *"_s18", 0 0, L_0000000001110490;  1 drivers
v000000000110de10_0 .net *"_s2", 0 0, L_000000000110ec50;  1 drivers
v000000000110dcd0_0 .net *"_s20", 0 0, L_0000000001110500;  1 drivers
v000000000110daf0_0 .net *"_s22", 0 0, L_0000000001110420;  1 drivers
v000000000110e9f0_0 .net *"_s4", 0 0, L_000000000110ecc0;  1 drivers
v000000000110e810_0 .net *"_s6", 0 0, L_000000000110ed30;  1 drivers
v000000000110dff0_0 .net *"_s8", 0 0, L_000000000110eda0;  1 drivers
v000000000110e130_0 .net "a", 0 0, o00000000010b57d8;  0 drivers
v000000000110deb0_0 .net "b", 0 0, o00000000010b5808;  0 drivers
v000000000110e630_0 .net "c", 0 0, o00000000010b5838;  0 drivers
v000000000110e6d0_0 .net "d", 0 0, o00000000010b5868;  0 drivers
v000000000110e770_0 .net "out", 0 0, L_00000000011102d0;  1 drivers
# The file index is used to find the file name in the following table.
:file_names 3;
    "N/A";
    "<interactive>";
    "declaration.v";
