#! /usr/local/iverilog/bin/vvp
:ivl_version "11.0 (devel)" "(s20150603-642-g3bdb50da)";
:ivl_delay_selection "TYPICAL";
:vpi_time_precision + 0;
:vpi_module "system";
:vpi_module "vhdl_sys";
:vpi_module "vhdl_textio";
:vpi_module "v2005_math";
:vpi_module "va_math";
S_0000000000ff2b00 .scope module, "kar" "kar" 2 1;
 .timescale 0 0;
    .port_info 0 /INPUT 1 "a";
    .port_info 1 /INPUT 1 "b";
    .port_info 2 /INPUT 1 "c";
    .port_info 3 /INPUT 1 "d";
    .port_info 4 /OUTPUT 1 "out";
o0000000001015768 .functor BUFZ 1, C4<z>; HiZ drive
L_000000000106ea10 .functor NOT 1, o0000000001015768, C4<0>, C4<0>, C4<0>;
o0000000001015798 .functor BUFZ 1, C4<z>; HiZ drive
L_000000000106ebb0 .functor NOT 1, o0000000001015798, C4<0>, C4<0>, C4<0>;
L_000000000106ec20 .functor AND 1, L_000000000106ea10, L_000000000106ebb0, C4<1>, C4<1>;
o0000000001015738 .functor BUFZ 1, C4<z>; HiZ drive
L_000000000106ec90 .functor NOT 1, o0000000001015738, C4<0>, C4<0>, C4<0>;
o00000000010157c8 .functor BUFZ 1, C4<z>; HiZ drive
L_000000000106ed00 .functor NOT 1, o00000000010157c8, C4<0>, C4<0>, C4<0>;
L_000000000106ed70 .functor AND 1, L_000000000106ec90, L_000000000106ed00, C4<1>, C4<1>;
L_000000000106ede0 .functor OR 1, L_000000000106ec20, L_000000000106ed70, C4<0>, C4<0>;
L_000000000106ee50 .functor AND 1, o0000000001015798, o00000000010157c8, C4<1>, C4<1>;
L_00000000010705b0 .functor AND 1, L_000000000106ee50, o0000000001015738, C4<1>, C4<1>;
L_00000000010703f0 .functor OR 1, L_000000000106ede0, L_00000000010705b0, C4<0>, C4<0>;
L_0000000001070620 .functor AND 1, o0000000001015798, o00000000010157c8, C4<1>, C4<1>;
L_0000000001070150 .functor AND 1, L_0000000001070620, o0000000001015768, C4<1>, C4<1>;
L_00000000010702a0 .functor OR 1, L_00000000010703f0, L_0000000001070150, C4<0>, C4<0>;
v0000000000ff2c90_0 .net *"_s0", 0 0, L_000000000106ea10;  1 drivers
v0000000000ff2d30_0 .net *"_s10", 0 0, L_000000000106ed70;  1 drivers
v000000000106daf0_0 .net *"_s12", 0 0, L_000000000106ede0;  1 drivers
v000000000106db90_0 .net *"_s14", 0 0, L_000000000106ee50;  1 drivers
v000000000106dd70_0 .net *"_s16", 0 0, L_00000000010705b0;  1 drivers
v000000000106e1d0_0 .net *"_s18", 0 0, L_00000000010703f0;  1 drivers
v000000000106e630_0 .net *"_s2", 0 0, L_000000000106ebb0;  1 drivers
v000000000106e130_0 .net *"_s20", 0 0, L_0000000001070620;  1 drivers
v000000000106e8b0_0 .net *"_s22", 0 0, L_0000000001070150;  1 drivers
v000000000106dc30_0 .net *"_s4", 0 0, L_000000000106ec20;  1 drivers
v000000000106e270_0 .net *"_s6", 0 0, L_000000000106ec90;  1 drivers
v000000000106e450_0 .net *"_s8", 0 0, L_000000000106ed00;  1 drivers
v000000000106e950_0 .net "a", 0 0, o0000000001015738;  0 drivers
v000000000106e770_0 .net "b", 0 0, o0000000001015768;  0 drivers
v000000000106e4f0_0 .net "c", 0 0, o0000000001015798;  0 drivers
v000000000106e590_0 .net "d", 0 0, o00000000010157c8;  0 drivers
v000000000106e6d0_0 .net "out", 0 0, L_00000000010702a0;  1 drivers
# The file index is used to find the file name in the following table.
:file_names 3;
    "N/A";
    "<interactive>";
    "kar.v";
