#! /usr/local/iverilog/bin/vvp
:ivl_version "11.0 (devel)" "(s20150603-642-g3bdb50da)";
:ivl_delay_selection "TYPICAL";
:vpi_time_precision - 9;
:vpi_module "system";
:vpi_module "vhdl_sys";
:vpi_module "vhdl_textio";
:vpi_module "v2005_math";
:vpi_module "va_math";
S_0000000001082a30 .scope module, "tb_D081" "tb_D081" 2 4;
 .timescale -9 -9;
P_00000000010b4d90 .param/l "PERIOD" 0 2 6, +C4<00000000000000000000000000001010>;
v000000000123d9a0_0 .var "clk", 0 0;
v000000000123da40_0 .var "d", 7 0;
v000000000123dae0_0 .net "q", 7 0, v000000000123d860_0;  1 drivers
v000000000123db80_0 .var "reset", 0 0;
S_0000000001082bc0 .scope module, "u_D081" "D081" 2 17, 3 1 0, S_0000000001082a30;
 .timescale 0 0;
    .port_info 0 /INPUT 1 "clk";
    .port_info 1 /INPUT 1 "reset";
    .port_info 2 /INPUT 8 "d";
    .port_info 3 /OUTPUT 8 "q";
v0000000001082d50_0 .net "clk", 0 0, v000000000123d9a0_0;  1 drivers
v000000000123d7c0_0 .net "d", 7 0, v000000000123da40_0;  1 drivers
v000000000123d860_0 .var "q", 7 0;
v000000000123d900_0 .net "reset", 0 0, v000000000123db80_0;  1 drivers
E_00000000010b58d0 .event posedge, v0000000001082d50_0;
    .scope S_0000000001082bc0;
T_0 ;
    %wait E_00000000010b58d0;
    %load/vec4 v000000000123d900_0;
    %pad/u 32;
    %cmpi/ne 0, 0, 32;
    %jmp/0xz  T_0.0, 4;
    %load/vec4 v000000000123d7c0_0;
    %assign/vec4 v000000000123d860_0, 0;
    %jmp T_0.1;
T_0.0 ;
    %pushi/vec4 0, 0, 8;
    %assign/vec4 v000000000123d860_0, 0;
T_0.1 ;
    %jmp T_0;
    .thread T_0;
    .scope S_0000000001082a30;
T_1 ;
    %pushi/vec4 0, 0, 1;
    %store/vec4 v000000000123d9a0_0, 0, 1;
    %pushi/vec4 0, 0, 1;
    %store/vec4 v000000000123db80_0, 0, 1;
    %pushi/vec4 0, 0, 8;
    %store/vec4 v000000000123da40_0, 0, 8;
    %end;
    .thread T_1;
    .scope S_0000000001082a30;
T_2 ;
T_2.0 ;
    %delay 5, 0;
    %load/vec4 v000000000123d9a0_0;
    %inv;
    %store/vec4 v000000000123d9a0_0, 0, 1;
    %jmp T_2.0;
    %end;
    .thread T_2;
    .scope S_0000000001082a30;
T_3 ;
    %delay 1000, 0;
    %vpi_call 2 33 "$finish" {0 0 0};
    %end;
    .thread T_3;
    .scope S_0000000001082a30;
T_4 ;
    %vpi_call 2 38 "$dumpfile", "D081.vcd" {0 0 0};
    %vpi_call 2 39 "$dumpvars" {0 0 0};
    %end;
    .thread T_4;
# The file index is used to find the file name in the following table.
:file_names 4;
    "N/A";
    "<interactive>";
    "tb_D081.v";
    "./D081.v ";
