#! /usr/local/iverilog/bin/vvp
:ivl_version "11.0 (devel)" "(s20150603-642-g3bdb50da)";
:ivl_delay_selection "TYPICAL";
:vpi_time_precision - 9;
:vpi_module "system";
:vpi_module "vhdl_sys";
:vpi_module "vhdl_textio";
:vpi_module "v2005_math";
:vpi_module "va_math";
S_0000000001036c70 .scope module, "tb_top_module" "tb_top_module" 2 4;
 .timescale -9 -9;
P_0000000001038f40 .param/l "PERIOD" 0 2 6, +C4<00000000000000000000000000001010>;
v0000000001043710_0 .var "a", 0 0;
v0000000001042e50_0 .var "b", 0 0;
v00000000010438f0_0 .var "c", 0 0;
v0000000001043990_0 .var "d", 0 0;
v0000000001043ad0_0 .net "out", 0 0, L_00000000010a02e0;  1 drivers
S_0000000001178aa0 .scope module, "u_top_module" "top_module" 2 18, 3 1 0, S_0000000001036c70;
 .timescale 0 0;
    .port_info 0 /INPUT 1 "a";
    .port_info 1 /INPUT 1 "b";
    .port_info 2 /INPUT 1 "c";
    .port_info 3 /INPUT 1 "d";
    .port_info 4 /OUTPUT 1 "out";
L_0000000001178ee0 .functor NOT 1, v0000000001042e50_0, C4<0>, C4<0>, C4<0>;
L_0000000001178de0 .functor NOT 1, v00000000010438f0_0, C4<0>, C4<0>, C4<0>;
L_0000000001178e50 .functor AND 1, L_0000000001178ee0, L_0000000001178de0, C4<1>, C4<1>;
L_00000000010a0060 .functor NOT 1, v0000000001043710_0, C4<0>, C4<0>, C4<0>;
L_00000000010a00d0 .functor NOT 1, v0000000001043990_0, C4<0>, C4<0>, C4<0>;
L_00000000010a0140 .functor AND 1, L_00000000010a0060, L_00000000010a00d0, C4<1>, C4<1>;
L_00000000010a01b0 .functor OR 1, L_0000000001178e50, L_00000000010a0140, C4<0>, C4<0>;
L_00000000010a0220 .functor AND 1, v00000000010438f0_0, v0000000001043990_0, C4<1>, C4<1>;
L_00000000010a0740 .functor AND 1, L_00000000010a0220, v0000000001043710_0, C4<1>, C4<1>;
L_00000000010a04a0 .functor OR 1, L_00000000010a01b0, L_00000000010a0740, C4<0>, C4<0>;
L_00000000010a07b0 .functor AND 1, v00000000010438f0_0, v0000000001043990_0, C4<1>, C4<1>;
L_00000000010a05f0 .functor AND 1, L_00000000010a07b0, v0000000001042e50_0, C4<1>, C4<1>;
L_00000000010a02e0 .functor OR 1, L_00000000010a04a0, L_00000000010a05f0, C4<0>, C4<0>;
v0000000001178c30_0 .net *"_s0", 0 0, L_0000000001178ee0;  1 drivers
v00000000010433f0_0 .net *"_s10", 0 0, L_00000000010a0140;  1 drivers
v00000000010432b0_0 .net *"_s12", 0 0, L_00000000010a01b0;  1 drivers
v00000000010437b0_0 .net *"_s14", 0 0, L_00000000010a0220;  1 drivers
v0000000001043350_0 .net *"_s16", 0 0, L_00000000010a0740;  1 drivers
v0000000001043170_0 .net *"_s18", 0 0, L_00000000010a04a0;  1 drivers
v0000000001043a30_0 .net *"_s2", 0 0, L_0000000001178de0;  1 drivers
v0000000001043030_0 .net *"_s20", 0 0, L_00000000010a07b0;  1 drivers
v0000000001043210_0 .net *"_s22", 0 0, L_00000000010a05f0;  1 drivers
v0000000001043670_0 .net *"_s4", 0 0, L_0000000001178e50;  1 drivers
v0000000001043490_0 .net *"_s6", 0 0, L_00000000010a0060;  1 drivers
v0000000001042ef0_0 .net *"_s8", 0 0, L_00000000010a00d0;  1 drivers
v00000000010430d0_0 .net "a", 0 0, v0000000001043710_0;  1 drivers
v0000000001042f90_0 .net "b", 0 0, v0000000001042e50_0;  1 drivers
v0000000001043530_0 .net "c", 0 0, v00000000010438f0_0;  1 drivers
v00000000010435d0_0 .net "d", 0 0, v0000000001043990_0;  1 drivers
v0000000001043850_0 .net "out", 0 0, L_00000000010a02e0;  alias, 1 drivers
    .scope S_0000000001036c70;
T_0 ;
    %pushi/vec4 0, 0, 1;
    %store/vec4 v0000000001043710_0, 0, 1;
    %pushi/vec4 0, 0, 1;
    %store/vec4 v0000000001042e50_0, 0, 1;
    %pushi/vec4 0, 0, 1;
    %store/vec4 v00000000010438f0_0, 0, 1;
    %pushi/vec4 0, 0, 1;
    %store/vec4 v0000000001043990_0, 0, 1;
    %end;
    .thread T_0;
    .scope S_0000000001036c70;
T_1 ;
    %delay 10, 0;
    %pushi/vec4 0, 0, 1;
    %store/vec4 v0000000001043710_0, 0, 1;
    %pushi/vec4 0, 0, 1;
    %store/vec4 v0000000001042e50_0, 0, 1;
    %pushi/vec4 0, 0, 1;
    %store/vec4 v00000000010438f0_0, 0, 1;
    %pushi/vec4 0, 0, 1;
    %store/vec4 v0000000001043990_0, 0, 1;
    %delay 10, 0;
    %pushi/vec4 1, 0, 1;
    %store/vec4 v0000000001043710_0, 0, 1;
    %pushi/vec4 0, 0, 1;
    %store/vec4 v0000000001042e50_0, 0, 1;
    %pushi/vec4 0, 0, 1;
    %store/vec4 v00000000010438f0_0, 0, 1;
    %pushi/vec4 0, 0, 1;
    %store/vec4 v0000000001043990_0, 0, 1;
    %delay 10, 0;
    %pushi/vec4 1, 0, 1;
    %store/vec4 v0000000001043710_0, 0, 1;
    %pushi/vec4 1, 0, 1;
    %store/vec4 v0000000001042e50_0, 0, 1;
    %pushi/vec4 0, 0, 1;
    %store/vec4 v00000000010438f0_0, 0, 1;
    %pushi/vec4 0, 0, 1;
    %store/vec4 v0000000001043990_0, 0, 1;
    %delay 10, 0;
    %pushi/vec4 0, 0, 1;
    %store/vec4 v0000000001043710_0, 0, 1;
    %pushi/vec4 1, 0, 1;
    %store/vec4 v0000000001042e50_0, 0, 1;
    %pushi/vec4 0, 0, 1;
    %store/vec4 v00000000010438f0_0, 0, 1;
    %pushi/vec4 0, 0, 1;
    %store/vec4 v0000000001043990_0, 0, 1;
    %delay 10, 0;
    %pushi/vec4 0, 0, 1;
    %store/vec4 v0000000001043710_0, 0, 1;
    %pushi/vec4 0, 0, 1;
    %store/vec4 v0000000001042e50_0, 0, 1;
    %pushi/vec4 1, 0, 1;
    %store/vec4 v00000000010438f0_0, 0, 1;
    %pushi/vec4 0, 0, 1;
    %store/vec4 v0000000001043990_0, 0, 1;
    %delay 10, 0;
    %pushi/vec4 0, 0, 1;
    %store/vec4 v0000000001043710_0, 0, 1;
    %pushi/vec4 1, 0, 1;
    %store/vec4 v0000000001042e50_0, 0, 1;
    %pushi/vec4 1, 0, 1;
    %store/vec4 v00000000010438f0_0, 0, 1;
    %pushi/vec4 0, 0, 1;
    %store/vec4 v0000000001043990_0, 0, 1;
    %delay 10, 0;
    %pushi/vec4 1, 0, 1;
    %store/vec4 v0000000001043710_0, 0, 1;
    %pushi/vec4 1, 0, 1;
    %store/vec4 v0000000001042e50_0, 0, 1;
    %pushi/vec4 1, 0, 1;
    %store/vec4 v00000000010438f0_0, 0, 1;
    %pushi/vec4 0, 0, 1;
    %store/vec4 v0000000001043990_0, 0, 1;
    %delay 10, 0;
    %pushi/vec4 1, 0, 1;
    %store/vec4 v0000000001043710_0, 0, 1;
    %pushi/vec4 0, 0, 1;
    %store/vec4 v0000000001042e50_0, 0, 1;
    %pushi/vec4 1, 0, 1;
    %store/vec4 v00000000010438f0_0, 0, 1;
    %pushi/vec4 0, 0, 1;
    %store/vec4 v0000000001043990_0, 0, 1;
    %delay 10, 0;
    %pushi/vec4 0, 0, 1;
    %store/vec4 v0000000001043710_0, 0, 1;
    %pushi/vec4 0, 0, 1;
    %store/vec4 v0000000001042e50_0, 0, 1;
    %pushi/vec4 1, 0, 1;
    %store/vec4 v00000000010438f0_0, 0, 1;
    %pushi/vec4 1, 0, 1;
    %store/vec4 v0000000001043990_0, 0, 1;
    %delay 10, 0;
    %pushi/vec4 0, 0, 1;
    %store/vec4 v0000000001043710_0, 0, 1;
    %pushi/vec4 1, 0, 1;
    %store/vec4 v0000000001042e50_0, 0, 1;
    %pushi/vec4 1, 0, 1;
    %store/vec4 v00000000010438f0_0, 0, 1;
    %pushi/vec4 1, 0, 1;
    %store/vec4 v0000000001043990_0, 0, 1;
    %delay 10, 0;
    %pushi/vec4 1, 0, 1;
    %store/vec4 v0000000001043710_0, 0, 1;
    %pushi/vec4 0, 0, 1;
    %store/vec4 v0000000001042e50_0, 0, 1;
    %pushi/vec4 1, 0, 1;
    %store/vec4 v00000000010438f0_0, 0, 1;
    %pushi/vec4 1, 0, 1;
    %store/vec4 v0000000001043990_0, 0, 1;
    %delay 10, 0;
    %pushi/vec4 1, 0, 1;
    %store/vec4 v0000000001043710_0, 0, 1;
    %pushi/vec4 1, 0, 1;
    %store/vec4 v0000000001042e50_0, 0, 1;
    %pushi/vec4 1, 0, 1;
    %store/vec4 v00000000010438f0_0, 0, 1;
    %pushi/vec4 1, 0, 1;
    %store/vec4 v0000000001043990_0, 0, 1;
    %delay 10, 0;
    %pushi/vec4 0, 0, 1;
    %store/vec4 v0000000001043710_0, 0, 1;
    %pushi/vec4 0, 0, 1;
    %store/vec4 v0000000001042e50_0, 0, 1;
    %pushi/vec4 0, 0, 1;
    %store/vec4 v00000000010438f0_0, 0, 1;
    %pushi/vec4 1, 0, 1;
    %store/vec4 v0000000001043990_0, 0, 1;
    %delay 10, 0;
    %pushi/vec4 1, 0, 1;
    %store/vec4 v0000000001043710_0, 0, 1;
    %pushi/vec4 0, 0, 1;
    %store/vec4 v0000000001042e50_0, 0, 1;
    %pushi/vec4 0, 0, 1;
    %store/vec4 v00000000010438f0_0, 0, 1;
    %pushi/vec4 1, 0, 1;
    %store/vec4 v0000000001043990_0, 0, 1;
    %delay 10, 0;
    %pushi/vec4 0, 0, 1;
    %store/vec4 v0000000001043710_0, 0, 1;
    %pushi/vec4 1, 0, 1;
    %store/vec4 v0000000001042e50_0, 0, 1;
    %pushi/vec4 0, 0, 1;
    %store/vec4 v00000000010438f0_0, 0, 1;
    %pushi/vec4 1, 0, 1;
    %store/vec4 v0000000001043990_0, 0, 1;
    %delay 10, 0;
    %pushi/vec4 1, 0, 1;
    %store/vec4 v0000000001043710_0, 0, 1;
    %pushi/vec4 1, 0, 1;
    %store/vec4 v0000000001042e50_0, 0, 1;
    %pushi/vec4 0, 0, 1;
    %store/vec4 v00000000010438f0_0, 0, 1;
    %pushi/vec4 1, 0, 1;
    %store/vec4 v0000000001043990_0, 0, 1;
    %delay 200, 0;
    %vpi_call 2 53 "$finish" {0 0 0};
    %end;
    .thread T_1;
    .scope S_0000000001036c70;
T_2 ;
    %vpi_call 2 58 "$dumpfile", "top_module.vcd" {0 0 0};
    %vpi_call 2 59 "$dumpvars" {0 0 0};
    %end;
    .thread T_2;
# The file index is used to find the file name in the following table.
:file_names 4;
    "N/A";
    "<interactive>";
    "tb_declaration.v";
    "./declaration.v ";
